**U-KKW-2021-09-24-1**
Wybory uzupełniające delegacji na kongres zwyczajny 2021 - okręg Wrocław - Delegacja Kongresowa zostały zakończone. Wybrano następujące osoby:
- Konrad Góra,M
- Julia Kret,K

Odwołania można składać do 01.10.2021.

Frekwencja 28 / 187, ~15%

---

**U-KKW-2021-09-24-2**
Wybory delegacji na kongres zwyczajny 2021 - okręg Podbeskidzie - Delegacja Kongresowa zostały zakończone. Wybrano następujące osoby:
- Agnieszka Lamek-Kochanowska,K
- Mateusz Merta,M

Odwołania można składać do 01.10.2021.

Frekwencja 9 / 47, ~19.1%

---

**U-KKW-2021-09-24-3**
Wybory delegacji na kongres zwyczajny 2021 - okręg Bydgoszcz - Delegacja Kongresowa zostały zakończone. Wybrano następujące osoby:
- Tomasz Błaszczyk,M
- Karolina Kozłowska,K

Odwołania można składać do 01.10.2021.

Frekwencja 5 / 29, ~17.2%

---

**U-KKW-2021-09-24-4**
Absolutorium zarządu Okręgu - okręg Bydgoszcz - Delegacja Kongresowa zostały zakończone. Wybrano następujące osoby:

Odwołania można składać do 01.10.2021.

Frekwencja 32 / 29, ~110.3%

---

**U-KKW-2021-09-24-5**
Wybory delegacji na kongres zwyczajny 2021 - okręg Katowice - Delegacja Kongresowa zostały zakończone. Wybrano następujące osoby:
- Barbara Słania,K
- Michał Raj,M

Odwołania można składać do 01.10.2021.

Frekwencja 21 / 100, ~21%

---

**U-KKW-2021-09-24-6**
Wybory Okręgu Katowice - Wrzesien 2021 - Zarząd Okręgu zostały zakończone. Wybrano następujące osoby:
- Zdzisław Smoliński,M
- Kornelia Szweda,K
- Anna Ładowska,K
- Julia Lauer,K
- Wiktor Oleś,M

Odwołania można składać do 01.10.2021.

Frekwencja 28 / 100, ~28%

---

**U-KKW-2021-09-24-7**
Wybory Okręgu Katowice - Wrzesien 2021 - Zarząd Okręgu zostały zakończone. Wybrano następujące osoby:
- Barbara Słania,K
- Paulina Kulik,K
- Zdzisław Smoliński,M
- Miłosz Rabus,M

Odwołania można składać do 01.10.2021.

Frekwencja 22 / 100, ~22%

---

**U-KKW-2021-09-24-8**
Wybory Okręgu Katowice - Wrzesien 2021 - Zarząd Okręgu zostały zakończone. Wybrano następujące osoby:
- Barbara Słania,K
- Zdzisław Smoliński,M

Odwołania można składać do 01.10.2021.

Frekwencja 24 / 100, ~24%

---

**U-KKW-2021-09-24-9**
Wybory delegacji na kongres zwyczajny 2021 - okręg Zagranica - Delegacja Kongresowa zostały zakończone. Wybrano następujące osoby:
- Zofia Malisz,K
- Aniela Borowczyk,K
- Michał Wszołek,M
- Maciej Walczuk,M

Odwołania można składać do 01.10.2021.

Frekwencja 16 / 137, ~11.7%

---

